\BOOKMARK [0][]{thuchapter.1.0}{\376\377\166\356\000\040\137\125}{}% 1
\BOOKMARK [0][]{chapter.1}{\376\377\173\054\0001\172\340\000\040\136\046\000\040\000E\000n\000g\000l\000i\000s\000h\000\040\166\204\150\007\230\230}{}% 2
\BOOKMARK [1][-]{section.1.1}{\376\377\0001\000.\0001\000\040\134\001\227\142\166\370\121\163}{chapter.1}% 3
\BOOKMARK [1][-]{section.1.2}{\376\377\0001\000.\0002\000\040\133\127\117\123\124\175\116\344}{chapter.1}% 4
\BOOKMARK [1][-]{section.1.3}{\376\377\0001\000.\0003\000\040\210\150\150\074\150\067\147\054}{chapter.1}% 5
\BOOKMARK [2][-]{subsection.1.3.1}{\376\377\0001\000.\0003\000.\0001\000\040\127\372\147\054\210\150\150\074}{section.1.3}% 6
\BOOKMARK [2][-]{subsection.1.3.2}{\376\377\0001\000.\0003\000.\0002\000\040\131\015\147\102\210\150\150\074}{section.1.3}% 7
\BOOKMARK [2][-]{subsection.1.3.3}{\376\377\0001\000.\0003\000.\0003\000\040\121\166\133\203}{section.1.3}% 8
\BOOKMARK [1][-]{section.1.4}{\376\377\0001\000.\0004\000\040\133\232\164\006\163\257\130\203}{chapter.1}% 9
\BOOKMARK [1][-]{section.1.5}{\376\377\0001\000.\0005\000\040\123\302\200\003\145\207\163\056}{chapter.1}% 10
\BOOKMARK [1][-]{section.1.6}{\376\377\0001\000.\0006\000\040\121\154\137\017}{chapter.1}% 11
\BOOKMARK [0][]{chapter.2}{\376\377\173\054\0002\172\340\000\040\116\055\123\116\116\272\154\021\121\161\124\214\126\375}{}% 12
\BOOKMARK [1][-]{section.2.1}{\376\377\0002\000.\0001\000\040\121\166\133\203\117\213\133\120}{chapter.2}% 13
\BOOKMARK [2][-]{subsection.2.1.1}{\376\377\0002\000.\0001\000.\0001\000\040\176\330\126\376}{section.2.1}% 14
\BOOKMARK [2][-]{subsection.2.1.2}{\376\377\0002\000.\0001\000.\0002\000\040\143\322\126\376}{section.2.1}% 15
\BOOKMARK [0][]{chapter.3}{\376\377\173\054\0003\172\340\000\040\000S\000p\000a\000r\000k\136\224\165\050\124\057\122\250\217\307\172\013\122\006\147\220}{}% 16
\BOOKMARK [1][-]{section.3.1}{\376\377\0003\000.\0001\000\040\000W\000o\000r\000d\000C\000o\000u\000n\000t\172\013\136\217}{chapter.3}% 17
\BOOKMARK [1][-]{section.3.2}{\376\377\0003\000.\0002\000\040\143\320\116\244\000W\000o\000r\000d\000C\000o\000u\000n\000t\172\013\136\217}{chapter.3}% 18
\BOOKMARK [1][-]{section.3.3}{\376\377\0003\000.\0003\000\040\121\306\131\007\000W\000o\000r\000d\000C\000o\000u\000n\000t\143\320\116\244\172\013\136\217\217\320\210\114\163\257\130\203}{chapter.3}% 19
\BOOKMARK [0][]{section*.13}{\376\377\123\302\200\003\145\207\163\056}{}% 20
