\BOOKMARK [0][]{thuchapter.1.0}{\376\377\166\356\000\040\137\125}{}% 1
\BOOKMARK [0][]{chapter.1}{\376\377\173\054\0001\172\340\000\040\000S\000p\000a\000r\000k\136\224\165\050\124\057\122\250\217\307\172\013\122\006\147\220}{}% 2
\BOOKMARK [1][-]{section.1.1}{\376\377\0001\000.\0001\000\040\000W\000o\000r\000d\000C\000o\000u\000n\000t\172\013\136\217}{chapter.1}% 3
\BOOKMARK [1][-]{section.1.2}{\376\377\0001\000.\0002\000\040\143\320\116\244\000W\000o\000r\000d\000C\000o\000u\000n\000t\172\013\136\217}{chapter.1}% 4
\BOOKMARK [1][-]{section.1.3}{\376\377\0001\000.\0003\000\040\121\306\131\007\000W\000o\000r\000d\000C\000o\000u\000n\000t\143\320\116\244\172\013\136\217\217\320\210\114\163\257\130\203}{chapter.1}% 5
\BOOKMARK [1][-]{section.1.4}{\376\377\0001\000.\0004\000\040\217\333\121\145\000S\000p\000a\000r\000k\000-\000S\000u\000b\000m\000i\000t\143\320\116\244\116\073\174\173}{chapter.1}% 6
\BOOKMARK [1][-]{section.1.5}{\376\377\0001\000.\0005\000\040\000Y\000a\000r\000n\116\343\164\006\166\204\124\057\122\250}{chapter.1}% 7
\BOOKMARK [1][-]{section.1.6}{\376\377\0001\000.\0006\000\040\000A\000p\000p\000l\000i\000c\000a\000t\000i\000o\000n\000M\000a\000s\000t\000e\000r\166\204\124\057\122\250}{chapter.1}% 8
\BOOKMARK [1][-]{section.1.7}{\376\377\0001\000.\0007\000\040\000D\000r\000i\000v\000e\000r\166\204\124\057\122\250}{chapter.1}% 9
\BOOKMARK [0][]{chapter.2}{\376\377\173\054\0002\172\340\000\040\000S\000p\000a\000r\000k\000C\000o\000n\000t\000e\000x\000t\166\204\122\035\131\313\123\026}{}% 10
\BOOKMARK [1][-]{section.2.1}{\376\377\0002\000.\0001\000\040\142\147\210\114\163\257\130\203\000S\000p\000a\000r\000k\000C\000o\000n\000f}{chapter.2}% 11
\BOOKMARK [1][-]{section.2.2}{\376\377\0002\000.\0002\000\040\000S\000p\000a\000r\000k\000C\000o\000n\000t\000e\000x\000t\176\374\124\010\151\202\217\360}{chapter.2}% 12
\BOOKMARK [2][-]{subsection.2.2.1}{\376\377\0002\000.\0002\000.\0001\000\040\214\003\165\050\150\010}{section.2.2}% 13
\BOOKMARK [2][-]{subsection.2.2.2}{\376\377\0002\000.\0002\000.\0002\000\040\166\321\124\054\116\073\176\277\000L\000i\000s\000t\000e\000n\000e\000r\000B\000u\000s}{section.2.2}% 14
\BOOKMARK [2][-]{subsection.2.2.3}{\376\377\0002\000.\0002\000.\0003\000\040\121\103\145\160\143\156\156\005\164\006\126\150}{section.2.2}% 15
\BOOKMARK [2][-]{subsection.2.2.4}{\376\377\0002\000.\0002\000.\0004\000\040\123\357\211\306\123\026\166\321\143\247\147\015\122\241\000S\000p\000a\000r\000k\000U\000I}{section.2.2}% 16
\BOOKMARK [2][-]{subsection.2.2.5}{\376\377\0002\000.\0002\000.\0005\000\040\116\373\122\241\214\003\136\246\126\150}{section.2.2}% 17
\BOOKMARK [2][-]{subsection.2.2.6}{\376\377\0002\000.\0002\000.\0006\000\040\000D\000A\000G\214\003\136\246\126\150}{section.2.2}% 18
\BOOKMARK [0][]{chapter.3}{\376\377\173\054\0003\172\340\000\040\000S\000p\000a\000r\000k\000\040\000R\000D\000D\122\033\136\372\123\312\217\154\143\142}{}% 19
\BOOKMARK [1][-]{section.3.1}{\376\377\0003\000.\0001\000\040\000S\000p\000a\000r\000k\000\040\000R\000D\000D\176\374\217\360}{chapter.3}% 20
\BOOKMARK [1][-]{section.3.2}{\376\377\0003\000.\0002\000\040\000S\000p\000a\000r\000k\000\040\000R\000D\000D\122\033\136\372}{chapter.3}% 21
\BOOKMARK [1][-]{section.3.3}{\376\377\0003\000.\0003\000\040\000S\000p\000a\000r\000k\000\040\000R\000D\000D\217\154\143\142}{chapter.3}% 22
\BOOKMARK [1][-]{section.3.4}{\376\377\0003\000.\0004\000\040\000D\000A\000G\166\204\165\037\142\020}{chapter.3}% 23
\BOOKMARK [2][-]{subsection.3.4.1}{\376\377\0003\000.\0004\000.\0001\000\040\000R\000D\000D\116\055\117\235\215\126}{section.3.4}% 24
\BOOKMARK [2][-]{subsection.3.4.2}{\376\377\0003\000.\0004\000.\0002\000\040\000D\000A\000G\147\204\136\372}{section.3.4}% 25
\BOOKMARK [2][-]{subsection.3.4.3}{\376\377\0003\000.\0004\000.\0003\000\040\000W\000o\000r\000d\000C\000o\000u\000n\000t\166\204\000R\000D\000D\217\154\143\142\124\214\000D\000A\000G\165\037\142\020}{section.3.4}% 26
\BOOKMARK [0][]{chapter.4}{\376\377\173\054\0004\172\340\000\040\000J\000o\000b\217\320\210\114\124\214\214\003\136\246\126\150\152\041\127\127}{}% 27
\BOOKMARK [1][-]{section.4.1}{\376\377\0004\000.\0001\000\040\000D\000a\000g\000S\000c\000h\000e\000d\000u\000l\000e\000r\133\236\163\260}{chapter.4}% 28
\BOOKMARK [2][-]{subsection.4.1.1}{\376\377\0004\000.\0001\000.\0001\000\040\000S\000t\000a\000g\000e\166\204\122\022\122\006}{section.4.1}% 29
\BOOKMARK [2][-]{subsection.4.1.2}{\376\377\0004\000.\0001\000.\0002\000\040\133\236\117\213\000:\000W\000o\000r\000d\000C\000o\000u\000n\000t\122\022\122\006\000S\000t\000a\000g\000e}{section.4.1}% 30
\BOOKMARK [1][-]{section.4.2}{\376\377\0004\000.\0002\000\040\116\373\122\241\214\003\136\246\126\150\133\236\163\260}{chapter.4}% 31
\BOOKMARK [2][-]{subsection.4.2.1}{\376\377\0004\000.\0002\000.\0001\000\040\116\373\122\241\166\204\165\037\142\020}{section.4.2}% 32
\BOOKMARK [2][-]{subsection.4.2.2}{\376\377\0004\000.\0002\000.\0002\000\040\000T\000a\000s\000k\000S\000c\000h\000e\000d\000u\000l\000e\000r\166\204\122\033\136\372}{section.4.2}% 33
\BOOKMARK [2][-]{subsection.4.2.3}{\376\377\0004\000.\0002\000.\0003\000\040\000T\000a\000s\000k\166\204\143\320\116\244}{section.4.2}% 34
\BOOKMARK [2][-]{subsection.4.2.4}{\376\377\0004\000.\0002\000.\0004\000\040\000T\000a\000s\000k\213\241\173\227\176\323\147\234\166\204\131\004\164\006}{section.4.2}% 35
\BOOKMARK [0][]{chapter.5}{\376\377\173\054\0005\172\340\000\040\000E\000x\000e\000c\000u\000t\000o\000r\142\147\210\114\000T\000a\000s\000k}{}% 36
\BOOKMARK [1][-]{section.5.1}{\376\377\0005\000.\0001\000\040\000E\000x\000e\000c\000u\000t\000o\000r\124\057\122\250}{chapter.5}% 37
\BOOKMARK [1][-]{section.5.2}{\376\377\0005\000.\0002\000\040\000T\000a\000s\000k\166\204\142\147\210\114}{chapter.5}% 38
\BOOKMARK [2][-]{subsection.5.2.1}{\376\377\0005\000.\0002\000.\0001\000\040\000T\000a\000s\000k\142\147\210\114\122\115\166\204\121\306\131\007}{section.5.2}% 39
\BOOKMARK [2][-]{subsection.5.2.2}{\376\377\0005\000.\0002\000.\0002\000\040\142\147\210\114\000T\000a\000s\000k}{section.5.2}% 40
\BOOKMARK [2][-]{subsection.5.2.3}{\376\377\0005\000.\0002\000.\0003\000\040\000T\000a\000s\000k\176\323\147\234\166\204\131\004\164\006}{section.5.2}% 41
\BOOKMARK [1][-]{section.5.3}{\376\377\0005\000.\0003\000\040\000E\000x\000e\000c\000u\000t\000o\000r\165\037\124\175\124\150\147\037}{chapter.5}% 42
\BOOKMARK [0][]{chapter.6}{\376\377\173\054\0006\172\340\000\040\000S\000p\000a\000r\000k\000\040\000S\000h\000u\000f\000f\000l\000e\122\006\147\220}{}% 43
\BOOKMARK [1][-]{section.6.1}{\376\377\0006\000.\0001\000\040\000S\000h\000u\000f\000f\000l\000e\000\040\000W\000r\000i\000t\000e\000r}{chapter.6}% 44
\BOOKMARK [2][-]{subsection.6.1.1}{\376\377\0006\000.\0001\000.\0001\000\040\000H\000a\000s\000h\000\040\000B\000a\000s\000e\000d\000\040\000S\000h\000u\000f\000f\000l\000e\000\040\000W\000r\000i\000t\000e}{section.6.1}% 45
\BOOKMARK [2][-]{subsection.6.1.2}{\376\377\0006\000.\0001\000.\0002\000\040\000H\000a\000s\000h\000\040\000B\000a\000s\000e\000d\000\040\000S\000h\000u\000f\000f\000l\000e\000\040\000W\000r\000i\000t\000e\133\130\127\050\166\204\225\356\230\230}{section.6.1}% 46
\BOOKMARK [2][-]{subsection.6.1.3}{\376\377\0006\000.\0001\000.\0003\000\040\000S\000h\000u\000f\000f\000l\000e\000\040\000C\000o\000n\000s\000o\000l\000i\000d\000a\000t\000e\000\040\000W\000r\000i\000t\000e\000r}{section.6.1}% 47
\BOOKMARK [2][-]{subsection.6.1.4}{\376\377\0006\000.\0001\000.\0004\000\040\000S\000o\000r\000t\000\040\000B\000a\000s\000e\000d\000\040\000W\000r\000i\000t\000e}{section.6.1}% 48
\BOOKMARK [1][-]{section.6.2}{\376\377\0006\000.\0002\000\040\000S\000h\000u\000f\000f\000l\000e\000\040\000R\000e\000a\000d}{chapter.6}% 49
\BOOKMARK [2][-]{subsection.6.2.1}{\376\377\0006\000.\0002\000.\0001\000\040\000r\000e\000d\000u\000c\000e\172\357\213\373\123\326\116\055\225\364\213\241\173\227\176\323\147\234}{section.6.2}% 50
\BOOKMARK [2][-]{subsection.6.2.2}{\376\377\0006\000.\0002\000.\0002\000\040\147\054\127\060\145\160\143\156\166\204\203\267\123\326}{section.6.2}% 51
\BOOKMARK [2][-]{subsection.6.2.3}{\376\377\0006\000.\0002\000.\0003\000\040\217\334\172\013\145\160\143\156\166\204\203\267\123\326}{section.6.2}% 52
\BOOKMARK [2][-]{subsection.6.2.4}{\376\377\0006\000.\0002\000.\0004\000\040\000S\000h\000u\000f\000f\000l\000e\000\040\000R\000e\000a\000d\155\101\172\013\126\376}{section.6.2}% 53
\BOOKMARK [0][]{chapter.7}{\376\377\173\054\0007\172\340\000\040\133\130\120\250\117\123\174\373}{}% 54
\BOOKMARK [1][-]{section.7.1}{\376\377\0007\000.\0001\000\040\151\202\217\360}{chapter.7}% 55
\BOOKMARK [1][-]{section.7.2}{\376\377\0007\000.\0002\000\040\000S\000h\000u\000f\000f\000l\000e\000C\000l\000i\000e\000n\000t\152\041\127\127}{chapter.7}% 56
\BOOKMARK [2][-]{subsection.7.2.1}{\376\377\0007\000.\0002\000.\0001\000\040\000B\000l\000o\000c\000k\166\204\000R\000P\000C\147\015\122\241}{section.7.2}% 57
\BOOKMARK [2][-]{subsection.7.2.2}{\376\377\0007\000.\0002\000.\0002\000\040\117\040\217\223\116\012\116\013\145\207\000T\000r\000a\000n\000s\000p\000o\000r\000t\000C\000o\000n\000t\000e\000x\000t}{section.7.2}% 58
\BOOKMARK [2][-]{subsection.7.2.3}{\376\377\0007\000.\0002\000.\0003\000\040\000R\000P\000C\133\242\142\067\172\357\000T\000r\000a\000n\000s\000p\000o\000r\000t\000C\000l\000i\000e\000n\000t\000F\000a\000c\000t\000o\000r\000y}{section.7.2}% 59
\BOOKMARK [2][-]{subsection.7.2.4}{\376\377\0007\000.\0002\000.\0004\000\040\000N\000e\000t\000t\000y\147\015\122\241\126\150\000T\000r\000a\000n\000s\000p\000o\000r\000t\000S\000e\000r\000v\000e\000r}{section.7.2}% 60
\BOOKMARK [2][-]{subsection.7.2.5}{\376\377\0007\000.\0002\000.\0005\000\040\203\267\123\326\217\334\172\013\000s\000h\000u\000f\000f\000l\000e\145\207\116\366}{section.7.2}% 61
\BOOKMARK [2][-]{subsection.7.2.6}{\376\377\0007\000.\0002\000.\0006\000\040\116\012\117\040\000s\000h\000u\000f\000f\000l\000e\145\207\116\366}{section.7.2}% 62
\BOOKMARK [1][-]{section.7.3}{\376\377\0007\000.\0003\000\040\000B\000l\000o\000c\000k\000M\000a\000n\000a\000g\000e\000r\000M\000a\000s\000t\000e\000r\133\371\000B\000l\000o\000c\000k\000M\000a\000n\000a\000g\000e\000r\166\204\173\241\164\006}{chapter.7}% 63
\BOOKMARK [2][-]{subsection.7.3.1}{\376\377\0007\000.\0003\000.\0001\000\040\000B\000l\000o\000c\000k\000M\000a\000n\000a\000g\000e\000r\000M\000a\000s\000t\000e\000r\000E\000n\000d\000p\000o\000i\000n\000t}{section.7.3}% 64
\BOOKMARK [2][-]{subsection.7.3.2}{\376\377\0007\000.\0003\000.\0002\000\040\000B\000l\000o\000c\000k\000M\000a\000n\000a\000g\000e\000r\000S\000l\000a\000v\000e\000E\000n\000d\000p\000o\000i\000n\000t}{section.7.3}% 65
\BOOKMARK [1][-]{section.7.4}{\376\377\0007\000.\0004\000\040\170\301\166\330\173\241\164\006\126\150\000D\000i\000s\000k\000B\000l\000o\000c\000k\000M\000a\000n\000a\000g\000e\000r}{chapter.7}% 66
\BOOKMARK [1][-]{section.7.5}{\376\377\0007\000.\0005\000\040\121\205\133\130\133\130\120\250\000M\000e\000m\000o\000r\000y\000S\000t\000o\000r\000e}{chapter.7}% 67
\BOOKMARK [1][-]{section.7.6}{\376\377\0007\000.\0006\000\040\170\301\166\330\133\130\120\250\000D\000i\000s\000k\000S\000t\000o\000r\000e}{chapter.7}% 68
